TN:
SF:src/Bases/TossErc20Base.sol
FN:30,TossErc20Base.__TossErc20Base_init
FNDA:362,TossErc20Base.__TossErc20Base_init
DA:31,362
DA:32,362
DA:33,362
DA:34,362
DA:35,362
DA:36,362
DA:37,362
FN:40,TossErc20Base.__TossErc20Base_init_unchained
FNDA:362,TossErc20Base.__TossErc20Base_init_unchained
DA:41,362
DA:42,362
DA:43,362
DA:44,362
DA:46,362
FN:49,TossErc20Base._authorizeUpgrade
FNDA:2,TossErc20Base._authorizeUpgrade
FN:51,TossErc20Base._update
FNDA:13948,TossErc20Base._update
DA:52,13947
FN:55,TossErc20Base.pause
FNDA:4,TossErc20Base.pause
DA:56,4
FN:59,TossErc20Base.unpause
FNDA:1,TossErc20Base.unpause
DA:60,1
FN:63,TossErc20Base.setWhitelist
FNDA:2,TossErc20Base.setWhitelist
DA:64,2
FN:67,TossErc20Base.mint
FNDA:2305,TossErc20Base.mint
DA:68,2305
FNF:8
FNH:8
LF:17
LH:17
BRF:0
BRH:0
end_of_record
TN:
SF:src/Bases/TossErc721GeneBase.sol
FN:20,TossErc721GeneBase._getTossErc721GeneBaseStorage
FNDA:7664,TossErc721GeneBase._getTossErc721GeneBaseStorage
DA:22,7664
FN:35,TossErc721GeneBase.__TossErc721GeneBase_init
FNDA:53,TossErc721GeneBase.__TossErc721GeneBase_init
DA:36,53
DA:37,53
FN:40,TossErc721GeneBase.__TossErc721GeneBase_init_unchained
FNDA:53,TossErc721GeneBase.__TossErc721GeneBase_init_unchained
FN:42,TossErc721GeneBase.supportsInterface
FNDA:1028,TossErc721GeneBase.supportsInterface
DA:43,1028
FN:46,TossErc721GeneBase.getRangeGeneLength
FNDA:1792,TossErc721GeneBase.getRangeGeneLength
DA:47,1792
FN:50,TossErc721GeneBase.getRangeGene
FNDA:1792,TossErc721GeneBase.getRangeGene
DA:51,1792
FN:54,TossErc721GeneBase.addGenes
FNDA:998,TossErc721GeneBase.addGenes
DA:55,998
DA:56,998
DA:57,58260
DA:59,58260
FN:64,TossErc721GeneBase.getErc721Gene
FNDA:771,TossErc721GeneBase.getErc721Gene
DA:65,771
DA:66,771
FN:69,TossErc721GeneBase.sellErc721
FNDA:1030,TossErc721GeneBase.sellErc721
DA:70,1029
DA:71,1029
BRDA:71,0,0,256
BRDA:71,0,1,773
DA:72,256
DA:74,773
DA:75,7432
DA:76,7432
DA:77,7432
DA:78,7432
DA:80,7432
DA:83,7432
FN:88,TossErc721GeneBase.randomGene
FNDA:7432,TossErc721GeneBase.randomGene
DA:89,7432
DA:90,7432
DA:91,7432
DA:92,7432
DA:93,7432
DA:94,7432
DA:95,7432
FNF:10
FNH:10
LF:29
LH:29
BRF:2
BRH:2
end_of_record
TN:
SF:src/Bases/TossErc721MarketBase.sol
FN:30,TossErc721MarketBase._getTossErc721MarketBaseStorage
FNDA:2078,TossErc721MarketBase._getTossErc721MarketBaseStorage
DA:32,2078
FN:47,TossErc721MarketBase.__TossErc721MarketBase_init
FNDA:81,TossErc721MarketBase.__TossErc721MarketBase_init
DA:48,81
DA:49,81
DA:50,81
DA:51,81
DA:52,81
DA:53,81
FN:56,TossErc721MarketBase.__TossErc721MarketBase_init_unchained
FNDA:81,TossErc721MarketBase.__TossErc721MarketBase_init_unchained
DA:57,81
DA:58,81
DA:59,81
DA:60,81
FN:63,TossErc721MarketBase._authorizeUpgrade
FNDA:8,TossErc721MarketBase._authorizeUpgrade
FN:65,TossErc721MarketBase.pause
FNDA:2,TossErc721MarketBase.pause
DA:66,2
FN:69,TossErc721MarketBase.unpause
FNDA:2,TossErc721MarketBase.unpause
DA:70,2
FN:73,TossErc721MarketBase.setWhitelist
FNDA:1,TossErc721MarketBase.setWhitelist
DA:74,1
FN:77,TossErc721MarketBase._update
FNDA:11806,TossErc721MarketBase._update
DA:82,11803
FN:85,TossErc721MarketBase._baseURI
FNDA:2,TossErc721MarketBase._baseURI
DA:86,2
FN:89,TossErc721MarketBase.getBaseUri
FNDA:2,TossErc721MarketBase.getBaseUri
DA:90,2
FN:93,TossErc721MarketBase.setBaseUri
FNDA:1,TossErc721MarketBase.setBaseUri
DA:94,1
FN:97,TossErc721MarketBase.supportsInterface
FNDA:2,TossErc721MarketBase.supportsInterface
DA:98,2
FN:101,TossErc721MarketBase.createSellOffer
FNDA:2054,TossErc721MarketBase.createSellOffer
DA:102,2054
DA:103,2054
BRDA:103,0,0,1
BRDA:103,0,1,2053
DA:104,1
DA:106,2053
DA:107,1797
FN:110,TossErc721MarketBase.getMarket
FNDA:5,TossErc721MarketBase.getMarket
DA:111,5
FN:114,TossErc721MarketBase.setMarket
FNDA:18,TossErc721MarketBase.setMarket
DA:115,18
BRDA:115,1,0,1
BRDA:115,1,1,16
DA:116,1
DA:118,16
FNF:15
FNH:15
LF:28
LH:28
BRF:4
BRH:4
end_of_record
TN:
SF:src/Bases/TossExchangeBase.sol
FN:27,TossExchangeBase._getTossExchangeBaseStorage
FNDA:12564,TossExchangeBase._getTossExchangeBaseStorage
DA:29,12564
FN:50,TossExchangeBase.__TossExchangeBase_init
FNDA:538,TossExchangeBase.__TossExchangeBase_init
DA:51,538
DA:52,538
DA:53,538
DA:54,538
DA:55,538
FN:58,TossExchangeBase.__TossExchangeBase_init_unchained
FNDA:538,TossExchangeBase.__TossExchangeBase_init_unchained
DA:64,538
BRDA:64,0,0,1
BRDA:64,0,1,537
DA:65,1
DA:67,537
BRDA:67,1,0,1
BRDA:67,1,1,536
DA:68,1
DA:70,536
BRDA:70,2,0,1
BRDA:70,2,1,535
DA:71,1
DA:73,535
BRDA:73,3,0,1
BRDA:73,3,1,534
DA:74,1
DA:77,534
BRDA:77,4,0,1
BRDA:77,4,1,533
DA:78,1
DA:80,533
BRDA:80,5,0,1
BRDA:80,5,1,532
DA:81,1
DA:83,532
DA:84,532
DA:85,532
DA:87,532
DA:88,532
DA:89,532
DA:91,532
DA:92,532
FN:95,TossExchangeBase._authorizeUpgrade
FNDA:4,TossExchangeBase._authorizeUpgrade
FN:97,TossExchangeBase.pause
FNDA:512,TossExchangeBase.pause
DA:98,512
FN:101,TossExchangeBase.unpause
FNDA:512,TossExchangeBase.unpause
DA:102,512
FN:105,TossExchangeBase.setWhitelist
FNDA:256,TossExchangeBase.setWhitelist
DA:106,256
FN:109,TossExchangeBase.getDepositMinAmount
FNDA:1024,TossExchangeBase.getDepositMinAmount
DA:110,1024
FN:113,TossExchangeBase.setDepositMinAmount
FNDA:768,TossExchangeBase.setDepositMinAmount
DA:114,768
BRDA:114,6,0,256
BRDA:114,6,1,512
DA:115,256
DA:117,512
FN:120,TossExchangeBase.getWithdrawMinAmount
FNDA:1024,TossExchangeBase.getWithdrawMinAmount
DA:121,1024
FN:124,TossExchangeBase.setWithdrawMinAmount
FNDA:768,TossExchangeBase.setWithdrawMinAmount
DA:125,768
BRDA:125,7,0,256
BRDA:125,7,1,512
DA:126,256
DA:128,512
FN:131,TossExchangeBase.getExternalErc20
FNDA:512,TossExchangeBase.getExternalErc20
DA:132,512
FN:135,TossExchangeBase.getInternalErc20
FNDA:512,TossExchangeBase.getInternalErc20
DA:136,512
FN:139,TossExchangeBase.deposit
FNDA:1792,TossExchangeBase.deposit
DA:140,1792
FN:143,TossExchangeBase.depositWithPermit
FNDA:512,TossExchangeBase.depositWithPermit
DA:144,512
DA:145,512
DA:146,512
FN:149,TossExchangeBase.depositInternal
FNDA:3072,TossExchangeBase.depositInternal
DA:150,2560
DA:151,2560
BRDA:151,8,0,256
BRDA:151,8,1,2304
DA:152,256
DA:155,2304
DA:157,2304
DA:158,2304
DA:160,2304
BRDA:160,9,0,-
BRDA:160,9,1,2304
FN:163,TossExchangeBase.withdraw
FNDA:2304,TossExchangeBase.withdraw
DA:164,2304
FN:167,TossExchangeBase.withdrawWithPermit
FNDA:256,TossExchangeBase.withdrawWithPermit
DA:168,256
DA:169,256
DA:170,256
FN:173,TossExchangeBase.withdrawInternal
FNDA:2560,TossExchangeBase.withdrawInternal
DA:174,2048
DA:175,2048
BRDA:175,10,0,256
BRDA:175,10,1,1792
DA:176,256
DA:179,1792
DA:181,1792
DA:182,1792
DA:184,1792
BRDA:184,11,0,-
BRDA:184,11,1,1792
FN:187,TossExchangeBase.validState
FNDA:2560,TossExchangeBase.validState
DA:188,2560
DA:189,2560
FN:192,TossExchangeBase._validState
FNDA:6656,TossExchangeBase._validState
DA:193,6656
FNF:21
FNH:21
LF:64
LH:64
BRF:24
BRH:22
end_of_record
TN:
SF:src/Bases/TossInvestBase.sol
FN:34,TossInvestBase._getTossInvestBaseStorage
FNDA:4,TossInvestBase._getTossInvestBaseStorage
DA:36,4
FN:91,TossInvestBase.__TossInvestBase_init
FNDA:1,TossInvestBase.__TossInvestBase_init
DA:98,1
DA:99,1
DA:100,1
DA:101,1
DA:102,1
FN:105,TossInvestBase.__TossInvestBase_init_unchained
FNDA:1,TossInvestBase.__TossInvestBase_init_unchained
DA:112,1
BRDA:112,0,0,-
BRDA:112,0,1,1
DA:113,0
DA:115,1
BRDA:115,1,0,-
BRDA:115,1,1,1
DA:116,0
DA:118,1
BRDA:118,2,0,-
BRDA:118,2,1,1
DA:119,0
DA:121,1
BRDA:121,3,0,-
BRDA:121,3,1,1
DA:122,0
DA:125,1
DA:126,1
DA:127,1
DA:128,1
DA:130,1
DA:131,1
DA:132,1
DA:133,1
DA:134,1
DA:135,1
DA:136,1
FN:139,TossInvestBase._authorizeUpgrade
FNDA:0,TossInvestBase._authorizeUpgrade
FN:141,TossInvestBase.pause
FNDA:0,TossInvestBase.pause
DA:142,0
FN:145,TossInvestBase.unpause
FNDA:0,TossInvestBase.unpause
DA:146,0
FN:149,TossInvestBase.setWhitelist
FNDA:0,TossInvestBase.setWhitelist
DA:150,0
FN:153,TossInvestBase.getErc721Implementation
FNDA:1,TossInvestBase.getErc721Implementation
DA:154,1
FN:157,TossInvestBase.setErc721Implementation
FNDA:0,TossInvestBase.setErc721Implementation
DA:158,0
BRDA:158,4,0,-
BRDA:158,4,1,-
DA:159,0
DA:161,0
FN:164,TossInvestBase.getErc20
FNDA:1,TossInvestBase.getErc20
DA:165,1
FN:168,TossInvestBase.getErc721BaseUri
FNDA:1,TossInvestBase.getErc721BaseUri
DA:169,1
FN:172,TossInvestBase.setErc721BaseUri
FNDA:0,TossInvestBase.setErc721BaseUri
DA:173,0
FN:176,TossInvestBase.projectAmount
FNDA:0,TossInvestBase.projectAmount
DA:177,0
FN:180,TossInvestBase.countUniqueAddresses
FNDA:0,TossInvestBase.countUniqueAddresses
DA:181,0
DA:182,0
DA:184,0
DA:185,0
BRDA:185,5,0,-
BRDA:185,5,1,-
DA:186,0
DA:187,0
DA:191,0
DA:195,0
FN:198,TossInvestBase.isAddressInArray
FNDA:0,TossInvestBase.isAddressInArray
DA:199,0
DA:200,0
BRDA:200,6,0,-
BRDA:200,6,1,-
DA:201,0
DA:204,0
DA:207,0
FN:210,TossInvestBase.getProjectInternal
FNDA:0,TossInvestBase.getProjectInternal
DA:211,0
DA:212,0
BRDA:212,7,0,-
BRDA:212,7,1,-
DA:213,0
DA:215,0
DA:216,0
DA:217,0
FN:220,TossInvestBase.getProject
FNDA:0,TossInvestBase.getProject
DA:221,0
FN:224,TossInvestBase.getProjectInvestor
FNDA:0,TossInvestBase.getProjectInvestor
DA:225,0
FN:228,TossInvestBase.getProjectByErc721Address
FNDA:0,TossInvestBase.getProjectByErc721Address
DA:229,0
DA:230,0
BRDA:230,8,0,-
BRDA:230,8,1,-
DA:231,0
DA:234,0
DA:235,0
BRDA:235,9,0,-
BRDA:235,9,1,-
DA:236,0
DA:237,0
DA:241,0
DA:245,0
FN:248,TossInvestBase.addProject
FNDA:0,TossInvestBase.addProject
DA:258,0
BRDA:258,10,0,-
BRDA:258,10,1,-
DA:259,0
DA:261,0
BRDA:261,11,0,-
BRDA:261,11,1,-
DA:262,0
DA:264,0
BRDA:264,12,0,-
BRDA:264,12,1,-
DA:265,0
DA:267,0
BRDA:267,13,0,-
BRDA:267,13,1,-
DA:268,0
DA:270,0
BRDA:270,14,0,-
BRDA:270,14,1,-
DA:271,0
DA:273,0
BRDA:273,15,0,-
BRDA:273,15,1,-
DA:274,0
DA:277,0
DA:278,0
DA:279,0
DA:296,0
FN:299,TossInvestBase.changeProject
FNDA:0,TossInvestBase.changeProject
DA:310,0
DA:311,0
BRDA:311,16,0,-
BRDA:311,16,1,-
DA:312,0
DA:315,0
DA:316,0
BRDA:316,17,0,-
BRDA:316,17,1,-
DA:317,0
DA:319,0
BRDA:319,18,0,-
BRDA:319,18,1,-
DA:320,0
DA:322,0
BRDA:322,19,0,-
BRDA:322,19,1,-
DA:323,0
DA:325,0
BRDA:325,20,0,-
BRDA:325,20,1,-
DA:326,0
DA:328,0
BRDA:328,21,0,-
BRDA:328,21,1,-
DA:329,0
DA:331,0
BRDA:331,22,0,-
BRDA:331,22,1,-
DA:332,0
DA:334,0
BRDA:334,23,0,-
BRDA:334,23,1,-
DA:335,0
DA:337,0
DA:338,0
DA:339,0
DA:340,0
DA:341,0
DA:342,0
DA:343,0
DA:344,0
FN:347,TossInvestBase.confirm
FNDA:0,TossInvestBase.confirm
DA:348,0
DA:349,0
BRDA:349,24,0,-
BRDA:349,24,1,-
DA:350,0
DA:353,0
DA:354,0
BRDA:354,25,0,-
BRDA:354,25,1,-
DA:355,0
DA:357,0
BRDA:357,26,0,-
BRDA:357,26,1,-
DA:358,0
DA:361,0
DA:363,0
FN:366,TossInvestBase.invest
FNDA:0,TossInvestBase.invest
DA:367,0
FN:370,TossInvestBase.investWithPermit
FNDA:0,TossInvestBase.investWithPermit
DA:371,0
DA:372,0
FN:375,TossInvestBase.investInternal
FNDA:0,TossInvestBase.investInternal
DA:376,0
DA:377,0
BRDA:377,27,0,-
BRDA:377,27,1,-
DA:378,0
DA:380,0
DA:381,0
BRDA:381,28,0,-
BRDA:381,28,1,-
DA:382,0
DA:384,0
BRDA:384,29,0,-
BRDA:384,29,1,-
DA:385,0
DA:387,0
BRDA:387,30,0,-
BRDA:387,30,1,-
DA:388,0
DA:391,0
DA:392,0
DA:393,0
BRDA:393,31,0,-
BRDA:393,31,1,-
DA:394,0
DA:397,0
DA:398,0
DA:400,0
DA:404,0
DA:406,0
FN:409,TossInvestBase.finish
FNDA:0,TossInvestBase.finish
DA:410,0
DA:411,0
DA:412,0
BRDA:412,32,0,-
BRDA:412,32,1,-
DA:413,0
DA:416,0
DA:417,0
BRDA:417,33,0,-
BRDA:417,33,1,-
DA:418,0
DA:421,0
DA:422,0
BRDA:422,34,0,-
BRDA:422,34,1,-
DA:423,0
DA:425,0
DA:428,0
BRDA:428,35,0,-
BRDA:428,35,1,-
DA:429,0
FN:433,TossInvestBase.finishMintErc721
FNDA:0,TossInvestBase.finishMintErc721
DA:434,0
DA:435,0
DA:436,0
DA:437,0
BRDA:437,36,0,-
BRDA:437,36,1,-
DA:438,0
DA:441,0
DA:442,0
BRDA:442,37,0,-
BRDA:442,37,1,-
DA:443,0
DA:444,0
DA:445,0
DA:446,0
DA:447,0
BRDA:447,38,0,-
BRDA:447,38,1,-
DA:448,0
DA:450,0
DA:451,0
DA:452,0
DA:453,0
DA:454,0
DA:455,0
DA:457,0
DA:458,0
DA:460,0
DA:463,0
DA:464,0
DA:465,0
DA:467,0
DA:469,0
BRDA:469,39,0,-
BRDA:469,39,1,-
DA:470,0
DA:473,0
FN:476,TossInvestBase.finishReturnInvestment
FNDA:0,TossInvestBase.finishReturnInvestment
DA:477,0
DA:478,0
DA:479,0
DA:480,0
BRDA:480,40,0,-
BRDA:480,40,1,-
DA:481,0
DA:484,0
DA:485,0
DA:486,0
DA:487,0
DA:488,0
DA:489,0
BRDA:489,41,0,-
BRDA:489,41,1,-
DA:490,0
DA:492,0
DA:493,0
DA:494,0
DA:497,0
DA:499,0
BRDA:499,42,0,-
BRDA:499,42,1,-
DA:500,0
DA:503,0
DA:504,0
FNF:28
FNH:6
LF:202
LH:24
BRF:86
BRH:4
end_of_record
TN:
SF:src/Bases/TossMarketBase.sol
FN:28,TossMarketBase._getTossMarketBaseStorage
FNDA:7704,TossMarketBase._getTossMarketBaseStorage
DA:30,7704
FN:63,TossMarketBase.__TossMarketBase_init
FNDA:17,TossMarketBase.__TossMarketBase_init
DA:64,17
DA:65,17
DA:66,17
DA:67,17
DA:68,17
FN:71,TossMarketBase.__TossMarketBase_init_unchained
FNDA:17,TossMarketBase.__TossMarketBase_init_unchained
DA:72,17
BRDA:72,0,0,1
BRDA:72,0,1,16
DA:73,1
DA:75,16
BRDA:75,1,0,1
BRDA:75,1,1,15
DA:76,1
DA:79,15
DA:80,15
DA:81,15
DA:82,15
DA:84,15
DA:85,15
DA:86,15
DA:87,15
FN:90,TossMarketBase._authorizeUpgrade
FNDA:2,TossMarketBase._authorizeUpgrade
FN:92,TossMarketBase.onERC721Received
FNDA:1539,TossMarketBase.onERC721Received
DA:93,1539
FN:96,TossMarketBase.supportsInterface
FNDA:15,TossMarketBase.supportsInterface
DA:97,15
FN:100,TossMarketBase.pause
FNDA:1024,TossMarketBase.pause
DA:101,1024
FN:104,TossMarketBase.unpause
FNDA:768,TossMarketBase.unpause
DA:105,768
FN:108,TossMarketBase.setWhitelist
FNDA:1,TossMarketBase.setWhitelist
DA:109,1
FN:112,TossMarketBase.getErc20
FNDA:1,TossMarketBase.getErc20
DA:113,1
FN:116,TossMarketBase.getErc20BankAddress
FNDA:1,TossMarketBase.getErc20BankAddress
DA:117,1
FN:120,TossMarketBase.setErc20BankAddress
FNDA:259,TossMarketBase.setErc20BankAddress
DA:121,258
BRDA:121,2,0,1
BRDA:121,2,1,257
DA:122,1
DA:124,257
FN:127,TossMarketBase.withdrawBalance
FNDA:512,TossMarketBase.withdrawBalance
DA:128,256
DA:129,256
FN:132,TossMarketBase.getMarketCut
FNDA:513,TossMarketBase.getMarketCut
DA:133,513
FN:136,TossMarketBase.setMarketCut
FNDA:768,TossMarketBase.setMarketCut
DA:137,512
BRDA:137,3,0,256
BRDA:137,3,1,256
DA:138,256
DA:140,256
FN:143,TossMarketBase.createSellOffer
FNDA:1797,TossMarketBase.createSellOffer
DA:148,1539
DA:149,1539
DA:150,1539
DA:152,1539
DA:154,1539
FN:157,TossMarketBase.buy
FNDA:1538,TossMarketBase.buy
DA:158,1538
FN:161,TossMarketBase.buyWithPermit
FNDA:256,TossMarketBase.buyWithPermit
DA:162,256
DA:163,256
FN:166,TossMarketBase.buyInternal
FNDA:1794,TossMarketBase.buyInternal
DA:167,1537
DA:168,1537
DA:170,1537
DA:171,1537
BRDA:171,4,0,256
BRDA:171,4,1,1281
DA:172,256
DA:175,1281
DA:176,1281
BRDA:176,5,0,256
BRDA:176,5,1,1025
DA:177,256
DA:180,1025
DA:181,1025
BRDA:181,6,0,256
BRDA:181,6,1,769
DA:182,256
DA:185,769
DA:187,769
DA:189,769
DA:190,769
DA:191,769
FN:194,TossMarketBase.cancel
FNDA:1537,TossMarketBase.cancel
DA:195,1281
FN:198,TossMarketBase.cancelWhenPaused
FNDA:512,TossMarketBase.cancelWhenPaused
DA:199,256
FN:202,TossMarketBase.cancelSellOffer
FNDA:1537,TossMarketBase.cancelSellOffer
DA:203,1537
DA:204,1537
DA:205,1537
DA:206,1537
BRDA:206,7,0,256
BRDA:206,7,1,1281
DA:207,256
DA:210,1281
DA:211,1281
BRDA:211,8,0,512
BRDA:211,8,1,769
DA:212,512
DA:215,769
DA:217,769
DA:219,769
FN:222,TossMarketBase.get
FNDA:1024,TossMarketBase.get
DA:223,1024
DA:224,1024
DA:225,1024
BRDA:225,9,0,512
BRDA:225,9,1,512
DA:226,512
DA:228,512
DA:229,512
FN:232,TossMarketBase.getPrice
FNDA:512,TossMarketBase.getPrice
DA:233,512
DA:234,512
BRDA:234,10,0,256
BRDA:234,10,1,256
DA:235,256
DA:237,256
FN:240,TossMarketBase.onSell
FNDA:4610,TossMarketBase.onSell
DA:241,4610
FN:244,TossMarketBase.priceMinusCut
FNDA:769,TossMarketBase.priceMinusCut
DA:245,769
FNF:26
FNH:26
LF:83
LH:83
BRF:22
BRH:22
end_of_record
TN:
SF:src/Bases/TossSellerBase.sol
FN:30,TossSellerBase._getTossSellerBaseStorage
FNDA:12082,TossSellerBase._getTossSellerBaseStorage
DA:32,12082
FN:63,TossSellerBase.__TossSellerBase_init
FNDA:37,TossSellerBase.__TossSellerBase_init
DA:64,37
DA:65,37
DA:66,37
DA:67,37
DA:68,37
FN:71,TossSellerBase.__TossSellerBase_init_unchained
FNDA:37,TossSellerBase.__TossSellerBase_init_unchained
DA:72,37
BRDA:72,0,0,1
BRDA:72,0,1,36
DA:73,1
DA:76,36
DA:77,36
DA:78,36
DA:79,36
DA:81,36
DA:82,36
DA:83,36
DA:85,36
DA:86,36
DA:87,36
DA:89,36
DA:90,36
DA:91,36
FN:94,TossSellerBase._authorizeUpgrade
FNDA:2,TossSellerBase._authorizeUpgrade
FN:96,TossSellerBase.pause
FNDA:513,TossSellerBase.pause
DA:97,513
FN:100,TossSellerBase.unpause
FNDA:513,TossSellerBase.unpause
DA:101,513
FN:104,TossSellerBase.setWhitelist
FNDA:256,TossSellerBase.setWhitelist
DA:105,256
FN:108,TossSellerBase.getErc20
FNDA:1,TossSellerBase.getErc20
DA:109,1
FN:112,TossSellerBase.getErc721Sells
FNDA:1,TossSellerBase.getErc721Sells
DA:113,1
FN:116,TossSellerBase.getErc20BankAddress
FNDA:1,TossSellerBase.getErc20BankAddress
DA:117,1
FN:120,TossSellerBase.setErc20BankAddress
FNDA:259,TossSellerBase.setErc20BankAddress
DA:121,258
BRDA:121,1,0,1
BRDA:121,1,1,257
DA:122,1
DA:124,257
FN:127,TossSellerBase.withdrawBalance
FNDA:256,TossSellerBase.withdrawBalance
DA:128,256
DA:129,256
FN:132,TossSellerBase.buyErc721
FNDA:1029,TossSellerBase.buyErc721
DA:133,1029
FN:136,TossSellerBase.buyErc721WithPermit
FNDA:1,TossSellerBase.buyErc721WithPermit
DA:137,1
DA:138,1
FN:141,TossSellerBase.buyErc721Internal
FNDA:1030,TossSellerBase.buyErc721Internal
DA:142,773
DA:143,773
BRDA:143,2,0,1
BRDA:143,2,1,772
DA:144,1
DA:146,772
BRDA:146,3,0,1
BRDA:146,3,1,771
DA:147,1
DA:150,771
DA:151,771
BRDA:151,4,0,1
BRDA:151,4,1,770
DA:152,1
DA:154,770
BRDA:154,5,0,256
BRDA:154,5,1,514
DA:155,256
DA:158,514
DA:159,514
DA:161,514
FN:164,TossSellerBase.setErc721Sell
FNDA:1030,TossSellerBase.setErc721Sell
DA:165,1030
BRDA:165,6,0,1
BRDA:165,6,1,1029
DA:166,1
DA:168,1029
BRDA:168,7,0,1
BRDA:168,7,1,1028
DA:169,1
DA:171,1028
BRDA:171,8,0,1
BRDA:171,8,1,1027
DA:172,1
DA:174,1027
BRDA:174,9,0,256
BRDA:174,9,1,771
DA:175,256
DA:177,771
FN:180,TossSellerBase.convertToOffchain
FNDA:1024,TossSellerBase.convertToOffchain
DA:181,1024
FN:184,TossSellerBase.convertToOffchainWithPermit
FNDA:256,TossSellerBase.convertToOffchainWithPermit
DA:185,256
DA:186,256
FN:189,TossSellerBase.convertToOffchainInternal
FNDA:1280,TossSellerBase.convertToOffchainInternal
DA:190,1024
DA:191,1024
BRDA:191,10,0,256
BRDA:191,10,1,768
DA:192,256
DA:195,768
DA:196,768
DA:198,768
DA:200,768
FN:203,TossSellerBase.convertToErc20
FNDA:1026,TossSellerBase.convertToErc20
DA:204,769
DA:205,769
BRDA:205,11,0,1
BRDA:205,11,1,768
DA:206,1
DA:208,768
BRDA:208,12,0,256
BRDA:208,12,1,512
DA:209,256
DA:212,512
DA:214,512
DA:216,512
FN:219,TossSellerBase.getConvertToOffchainRate
FNDA:512,TossSellerBase.getConvertToOffchainRate
DA:220,512
FN:223,TossSellerBase.setConvertToOffchainRate
FNDA:768,TossSellerBase.setConvertToOffchainRate
DA:224,512
BRDA:224,13,0,256
BRDA:224,13,1,256
DA:225,256
DA:227,256
FN:230,TossSellerBase.getConvertToOffchainMinAmount
FNDA:1536,TossSellerBase.getConvertToOffchainMinAmount
DA:231,1536
FN:234,TossSellerBase.setConvertToOffchainMinAmount
FNDA:768,TossSellerBase.setConvertToOffchainMinAmount
DA:235,512
BRDA:235,14,0,256
BRDA:235,14,1,256
DA:236,256
DA:238,256
FN:241,TossSellerBase.getConvertToOffchainCut
FNDA:512,TossSellerBase.getConvertToOffchainCut
DA:242,512
FN:245,TossSellerBase.setConvertToOffchainCut
FNDA:768,TossSellerBase.setConvertToOffchainCut
DA:246,512
BRDA:246,15,0,256
BRDA:246,15,1,256
DA:247,256
DA:249,256
FN:252,TossSellerBase.getConvertToErc20Rate
FNDA:1536,TossSellerBase.getConvertToErc20Rate
DA:253,1536
FN:256,TossSellerBase.setConvertToErc20Rate
FNDA:768,TossSellerBase.setConvertToErc20Rate
DA:257,512
BRDA:257,16,0,256
BRDA:257,16,1,256
DA:258,256
DA:260,256
FN:263,TossSellerBase.getConvertToErc20MinAmount
FNDA:1280,TossSellerBase.getConvertToErc20MinAmount
DA:264,1280
FN:267,TossSellerBase.setConvertToErc20MinAmount
FNDA:768,TossSellerBase.setConvertToErc20MinAmount
DA:268,512
BRDA:268,17,0,256
BRDA:268,17,1,256
DA:269,256
DA:271,256
FN:274,TossSellerBase.getConvertToErc20Cut
FNDA:1024,TossSellerBase.getConvertToErc20Cut
DA:275,1024
FN:278,TossSellerBase.setConvertToErc20Cut
FNDA:768,TossSellerBase.setConvertToErc20Cut
DA:279,512
BRDA:279,18,0,256
BRDA:279,18,1,256
DA:280,256
DA:282,256
FNF:32
FNH:32
LF:99
LH:99
BRF:38
BRH:38
end_of_record
TN:
SF:src/Bases/TossUUPSUpgradeable.sol
FN:8,TossUUPSUpgradeable.__TossUUPSUpgradeable_init
FNDA:1155,TossUUPSUpgradeable.__TossUUPSUpgradeable_init
DA:9,1155
FN:12,TossUUPSUpgradeable.getImplementation
FNDA:22,TossUUPSUpgradeable.getImplementation
DA:13,22
FNF:2
FNH:2
LF:2
LH:2
BRF:0
BRH:0
end_of_record
TN:
SF:src/Bases/TossWhitelistBase.sol
FN:17,TossWhitelistBase._getTossWhitelistBaseStorage
FNDA:2837,TossWhitelistBase._getTossWhitelistBaseStorage
DA:19,2837
FN:30,TossWhitelistBase.__TossWhitelistBase_init
FNDA:119,TossWhitelistBase.__TossWhitelistBase_init
DA:31,119
DA:32,119
DA:33,119
FN:36,TossWhitelistBase.__TossWhitelistBase_init_unchained
FNDA:119,TossWhitelistBase.__TossWhitelistBase_init_unchained
DA:37,119
DA:38,119
FN:41,TossWhitelistBase._authorizeUpgrade
FNDA:2,TossWhitelistBase._authorizeUpgrade
FN:43,TossWhitelistBase.set
FNDA:1289,TossWhitelistBase.set
DA:44,1289
FN:47,TossWhitelistBase.isInWhitelist
FNDA:1548,TossWhitelistBase.isInWhitelist
DA:48,1548
FNF:6
FNH:6
LF:8
LH:8
BRF:0
BRH:0
end_of_record
TN:
SF:src/Bases/TossWhitelistClient.sol
FN:17,TossWhitelistClient._getTossWhitelistClientStorage
FNDA:37293,TossWhitelistClient._getTossWhitelistClientStorage
DA:19,37293
FN:31,TossWhitelistClient.getWhitelist
FNDA:1,TossWhitelistClient.getWhitelist
DA:32,1
FN:37,TossWhitelistClient._setWhitelist
FNDA:516,TossWhitelistClient._setWhitelist
DA:38,516
FNF:3
FNH:3
LF:3
LH:3
BRF:0
BRH:0
end_of_record
TN:
SF:src/Dev/TossErc721GeneUniqueDevV1.sol
FN:12,TossErc721GeneUniqueDevV1.__TossErc721GeneUniqueDevV1_init
FNDA:3,TossErc721GeneUniqueDevV1.__TossErc721GeneUniqueDevV1_init
DA:13,3
FN:16,TossErc721GeneUniqueDevV1.adminTransfer
FNDA:2,TossErc721GeneUniqueDevV1.adminTransfer
DA:17,1
DA:18,1
FNF:2
FNH:2
LF:3
LH:3
BRF:0
BRH:0
end_of_record
TN:
SF:src/TossErc20V1.sol
FN:12,TossErc20V1.__TossErc20V1_init
FNDA:362,TossErc20V1.__TossErc20V1_init
DA:13,362
FNF:1
FNH:1
LF:1
LH:1
BRF:0
BRH:0
end_of_record
TN:
SF:src/TossErc721GeneUniqueV1.sol
FN:16,TossErc721GeneUniqueV1.__TossErc721GeneUniqueV1_init
FNDA:7,TossErc721GeneUniqueV1.__TossErc721GeneUniqueV1_init
DA:17,10
FN:20,TossErc721GeneUniqueV1.addGenes
FNDA:1282,TossErc721GeneUniqueV1.addGenes
DA:21,1282
DA:23,1282
DA:24,175430
DA:25,175430
BRDA:25,0,0,114800
BRDA:25,0,1,175430
DA:26,114800
DA:27,114800
DA:30,175430
FNF:2
FNH:2
LF:8
LH:8
BRF:2
BRH:2
end_of_record
TN:
SF:src/TossErc721GeneV1.sol
FN:12,TossErc721GeneV1.__TossErc721GeneV1_init
FNDA:43,TossErc721GeneV1.__TossErc721GeneV1_init
DA:13,43
FNF:1
FNH:1
LF:1
LH:1
BRF:0
BRH:0
end_of_record
TN:
SF:src/TossErc721MarketV1.sol
FN:14,TossErc721MarketV1.__TossErc721MarketV1_init
FNDA:28,TossErc721MarketV1.__TossErc721MarketV1_init
DA:15,28
FN:18,TossErc721MarketV1.safeMint
FNDA:1291,TossErc721MarketV1.safeMint
DA:19,1291
DA:21,1291
FNF:2
FNH:2
LF:3
LH:3
BRF:0
BRH:0
end_of_record
TN:
SF:src/TossExchangeTierV1.sol
FN:34,TossExchangeTierV1.__TossExchangeTierV1_init
FNDA:265,TossExchangeTierV1.__TossExchangeTierV1_init
DA:41,265
DA:43,265
DA:44,265
DA:46,265
DA:48,265
FN:51,TossExchangeTierV1.setYear
FNDA:1024,TossExchangeTierV1.setYear
DA:52,768
BRDA:52,0,0,256
BRDA:52,0,1,512
DA:53,256
DA:55,512
DA:56,512
FN:59,TossExchangeTierV1.setTierLimit
FNDA:1793,TossExchangeTierV1.setTierLimit
DA:60,1537
BRDA:60,1,0,256
BRDA:60,1,1,1281
DA:61,256
DA:63,1281
BRDA:63,2,0,256
BRDA:63,2,1,1025
DA:64,256
DA:67,1025
FN:70,TossExchangeTierV1.getUserTier
FNDA:259,TossExchangeTierV1.getUserTier
DA:71,259
FN:74,TossExchangeTierV1.getUserBalance
FNDA:512,TossExchangeTierV1.getUserBalance
DA:75,512
DA:76,512
BRDA:76,3,0,256
BRDA:76,3,1,256
DA:77,256
DA:79,256
FN:82,TossExchangeTierV1.setUserTier
FNDA:771,TossExchangeTierV1.setUserTier
DA:83,770
FN:86,TossExchangeTierV1.limitReach
FNDA:1280,TossExchangeTierV1.limitReach
DA:87,1280
FN:90,TossExchangeTierV1.deposit
FNDA:1024,TossExchangeTierV1.deposit
DA:91,1024
DA:92,768
FN:95,TossExchangeTierV1.depositWithPermit
FNDA:256,TossExchangeTierV1.depositWithPermit
DA:96,256
DA:97,256
FN:100,TossExchangeTierV1.consumeLimit
FNDA:1280,TossExchangeTierV1.consumeLimit
DA:101,1280
DA:102,1280
BRDA:102,4,0,1024
BRDA:102,4,1,1280
DA:103,1024
DA:104,1024
DA:106,1280
BRDA:106,5,0,256
BRDA:106,5,1,1024
DA:107,256
DA:109,1024
FNF:10
FNH:10
LF:32
LH:32
BRF:12
BRH:12
end_of_record
TN:
SF:src/TossExchangeV1.sol
FN:14,TossExchangeV1.__TossExchangeV1_init
FNDA:273,TossExchangeV1.__TossExchangeV1_init
DA:15,273
FNF:1
FNH:1
LF:1
LH:1
BRF:0
BRH:0
end_of_record
TN:
SF:src/TossInvestV1.sol
FN:14,TossInvestV1.__TossInvestV1_init
FNDA:1,TossInvestV1.__TossInvestV1_init
DA:21,1
FNF:1
FNH:1
LF:1
LH:1
BRF:0
BRH:0
end_of_record
TN:
SF:src/TossMarketV1.sol
FN:13,TossMarketV1.__TossMarketV1_init
FNDA:17,TossMarketV1.__TossMarketV1_init
DA:14,17
FNF:1
FNH:1
LF:1
LH:1
BRF:0
BRH:0
end_of_record
TN:
SF:src/TossSellerV1.sol
FN:13,TossSellerV1.__TossSellerV1_init
FNDA:37,TossSellerV1.__TossSellerV1_init
DA:14,37
FNF:1
FNH:1
LF:1
LH:1
BRF:0
BRH:0
end_of_record
TN:
SF:src/TossWhitelistV1.sol
FN:12,TossWhitelistV1.__TossWhitelistV1_init
FNDA:119,TossWhitelistV1.__TossWhitelistV1_init
DA:13,119
FNF:1
FNH:1
LF:1
LH:1
BRF:0
BRH:0
end_of_record
